#
# A fatal error has been detected by the Java Runtime Environment:
#
#  SIGSEGV (0xb) at pc=0x00007fa1d247d79e, pid=10151, tid=140333005506304
#
# JRE version: Java(TM) SE Runtime Environment (7.0_60-b19) (build 1.7.0_60-b19)
# Java VM: Java HotSpot(TM) 64-Bit Server VM (24.60-b09 mixed mode linux-amd64 compressed oops)
# Problematic frame:
# C  [libc.so.6+0x12979e]  __nss_hosts_lookup+0x1617e
#
# Failed to write core dump. Core dumps have been disabled. To enable core dumping, try "ulimit -c unlimited" before starting Java again
#
# If you would like to submit a bug report, please visit:
#   http://bugreport.sun.com/bugreport/crash.jsp
# The crash happened outside the Java Virtual Machine in native code.
# See problematic frame for where to report the bug.
#

---------------  T H R E A D  ---------------

Current thread (0x0000000001e7f000):  JavaThread "main" [_thread_in_native, id=10152, stack(0x00007fa1d2e18000,0x00007fa1d2f19000)]

siginfo:si_signo=SIGSEGV: si_errno=0, si_code=2 (SEGV_ACCERR), si_addr=0x00007fa1c8e24ff0

Registers:
RAX=0x00007fa1bc0c4c30, RBX=0x0000000000007275, RCX=0x0000000000010000, RDX=0x0000000000002df0
RSP=0x00007fa1d2f14cf8, RBP=0x00007fa1d2f14d50, RSI=0x00007fa1c8e25033, RDI=0x00007fa1bc0c7aa0
R8 =0x00007fa1bc0cbe95, R9 =0x00007fa1d247d770, R10=0x00007fa1bc000070, R11=0x00007fa1d24aa010
R12=0x00007fa1c8e22195, R13=0x00007fa1bc0c2eb0, R14=0x0000000000002f65, R15=0x00007fa1c4019b20
RIP=0x00007fa1d247d79e, EFLAGS=0x0000000000010206, CSGSFS=0x0101000000000033, ERR=0x0000000000000004
  TRAPNO=0x000000000000000e

Top of Stack: (sp=0x00007fa1d2f14cf8)
0x00007fa1d2f14cf8:   00007fa1d01cfb07 00000000c2000c90
0x00007fa1d2f14d08:   616c650000000000 0000000000007275
0x00007fa1d2f14d18:   000000004444444f 00007fa1bc0c2eb0
0x00007fa1d2f14d28:   00007fa1c40269e0 00007fa1c4019b20
0x00007fa1d2f14d38:   00007fa1bc0d63f0 00000000caa3afc1
0x00007fa1d2f14d48:   00007fa1d2f14db0 00007fa1d2f14d90
0x00007fa1d2f14d58:   00007fa1d01d00b0 0000001ed2f14d90
0x00007fa1d2f14d68:   00007fa1d2f14db0 000000000000001e
0x00007fa1d2f14d78:   0000000001e7f1e8 00007fa1d2f14db0
0x00007fa1d2f14d88:   00007fa1d2f15290 00007fa1d2f151f0
0x00007fa1d2f14d98:   00007fa1d01ceeed 01007fa1d2f15430
0x00007fa1d2f14da8:   00007fa1c4019b20 2f6572756a6f6c63
0x00007fa1d2f14db8:   7165532f676e616c 726f746172657449
0x00007fa1d2f14dc8:   00007373616c632e 0000000001e790f0
0x00007fa1d2f14dd8:   00007fa1d239be3c 00007fa1d1ec9e57
0x00007fa1d2f14de8:   00000000c2665564 00007fa1d2f15208
0x00007fa1d2f14df8:   0000000000000000 00007fa1d1ec9e49
0x00007fa1d2f14e08:   0000000001e7f000 0000000000000000
0x00007fa1d2f14e18:   00000020d19f012a 0000000001e7f000
0x00007fa1d2f14e28:   d2f152fc9c3ce208 00000000c2b19230
0x00007fa1d2f14e38:   0000000000000000 00007fa1d2f14e50
0x00007fa1d2f14e48:   0000000000000000 0000000000000000
0x00007fa1d2f14e58:   00007fa100000030 0000000000000000
0x00007fa1d2f14e68:   00007fa1d2f15308 ffffffffffffffff
0x00007fa1d2f14e78:   00007fa1c4069d80 00000000d2f14f90
0x00007fa1d2f14e88:   00007fa1d0c31c4f 0000001000000000
0x00007fa1d2f14e98:   00007fa1d2f152fc 00007fa1c2b190d0
0x00007fa1d2f14ea8:   0000000000000000 0000000001e7f000
0x00007fa1d2f14eb8:   00000000c2000c90 00007fa1d2f152fc
0x00007fa1d2f14ec8:   0000000000000000 00007fa1d2f1573d
0x00007fa1d2f14ed8:   0000000000000000 00000000c2b19230
0x00007fa1d2f14ee8:   0000002000000078 0000000000000000 

Instructions: (pc=0x00007fa1d247d79e)
0x00007fa1d247d77e:   0f 29 4f f0 0f 28 5e dd 66 0f 3a 0f d3 03 0f 29
0x00007fa1d247d78e:   57 e0 0f 28 66 cd 66 0f 3a 0f dc 03 0f 29 5f d0
0x00007fa1d247d79e:   0f 28 6e bd 66 0f 3a 0f e5 03 0f 29 67 c0 0f 28
0x00007fa1d247d7ae:   76 ad 66 0f 3a 0f ee 03 0f 29 6f b0 0f 28 7e 9d 

Register to memory mapping:

RAX=0x00007fa1bc0c4c30 is an unknown value
RBX=0x0000000000007275 is an unknown value
RCX=0x0000000000010000 is an unknown value
RDX=0x0000000000002df0 is an unknown value
RSP=0x00007fa1d2f14cf8 is pointing into the stack for thread: 0x0000000001e7f000
RBP=0x00007fa1d2f14d50 is pointing into the stack for thread: 0x0000000001e7f000
RSI=0x00007fa1c8e25033 is an unknown value
RDI=0x00007fa1bc0c7aa0 is an unknown value
R8 =0x00007fa1bc0cbe95 is an unknown value
R9 =0x00007fa1d247d770: <offset 0x129770> in /lib/x86_64-linux-gnu/libc.so.6 at 0x00007fa1d2354000
R10=0x00007fa1bc000070 is an unknown value
R11=0x00007fa1d24aa010: <offset 0x156010> in /lib/x86_64-linux-gnu/libc.so.6 at 0x00007fa1d2354000
R12=0x00007fa1c8e22195 is an unknown value
R13=0x00007fa1bc0c2eb0 is an unknown value
R14=0x0000000000002f65 is an unknown value
R15=0x00007fa1c4019b20 is an unknown value


Stack: [0x00007fa1d2e18000,0x00007fa1d2f19000],  sp=0x00007fa1d2f14cf8,  free space=1011k
Native frames: (J=compiled Java code, j=interpreted, Vv=VM code, C=native code)
C  [libc.so.6+0x12979e]  __nss_hosts_lookup+0x1617e
C  [libzip.so+0x50b0]  ZIP_GetEntry+0xd0
C  [libzip.so+0x3eed]  Java_java_util_zip_ZipFile_getEntry+0xad
j  java.util.zip.ZipFile.getEntry(J[BZ)J+0
j  java.util.zip.ZipFile.getEntry(Ljava/lang/String;)Ljava/util/zip/ZipEntry;+38
j  java.util.jar.JarFile.getEntry(Ljava/lang/String;)Ljava/util/zip/ZipEntry;+2
J 91 C2 sun.misc.URLClassPath.getResource(Ljava/lang/String;Z)Lsun/misc/Resource; (74 bytes) @ 0x00007fa1cd257558 [0x00007fa1cd2573c0+0x198]
j  java.net.URLClassLoader$1.run()Ljava/lang/Class;+26
j  java.net.URLClassLoader$1.run()Ljava/lang/Object;+1
v  ~StubRoutines::call_stub
V  [libjvm.so+0x5ff8f5]  JavaCalls::call_helper(JavaValue*, methodHandle*, JavaCallArguments*, Thread*)+0x365
V  [libjvm.so+0x5fe358]  JavaCalls::call(JavaValue*, methodHandle, JavaCallArguments*, Thread*)+0x28
V  [libjvm.so+0x684c74]  JVM_DoPrivileged+0x2a4
j  java.security.AccessController.doPrivileged(Ljava/security/PrivilegedExceptionAction;Ljava/security/AccessControlContext;)Ljava/lang/Object;+0
j  java.net.URLClassLoader.findClass(Ljava/lang/String;)Ljava/lang/Class;+13
j  java.lang.ClassLoader.loadClass(Ljava/lang/String;Z)Ljava/lang/Class;+70
j  sun.misc.Launcher$AppClassLoader.loadClass(Ljava/lang/String;Z)Ljava/lang/Class;+36
j  java.lang.ClassLoader.loadClass(Ljava/lang/String;)Ljava/lang/Class;+3
v  ~StubRoutines::call_stub
V  [libjvm.so+0x5ff8f5]  JavaCalls::call_helper(JavaValue*, methodHandle*, JavaCallArguments*, Thread*)+0x365
V  [libjvm.so+0x5fe358]  JavaCalls::call(JavaValue*, methodHandle, JavaCallArguments*, Thread*)+0x28
V  [libjvm.so+0x5fe627]  JavaCalls::call_virtual(JavaValue*, KlassHandle, Symbol*, Symbol*, JavaCallArguments*, Thread*)+0x197
V  [libjvm.so+0x5fe6f6]  JavaCalls::call_virtual(JavaValue*, Handle, KlassHandle, Symbol*, Symbol*, Handle, Thread*)+0x56
V  [libjvm.so+0x922089]  SystemDictionary::load_instance_class(Symbol*, Handle, Thread*)+0x419
V  [libjvm.so+0x922831]  SystemDictionary::resolve_instance_class_or_null(Symbol*, Handle, Handle, Thread*)+0x791
V  [libjvm.so+0x922c94]  SystemDictionary::resolve_or_null(Symbol*, Handle, Handle, Thread*)+0x54
V  [libjvm.so+0x923d74]  SystemDictionary::resolve_or_fail(Symbol*, Handle, Handle, bool, Thread*)+0x34
V  [libjvm.so+0x4909c8]  constantPoolOopDesc::klass_at_impl(constantPoolHandle, int, Thread*)+0x278
V  [libjvm.so+0x5f7884]  InterpreterRuntime::_new(JavaThread*, constantPoolOopDesc*, int)+0x74
j  clojure.lang.PersistentHashMap.iterator()Ljava/util/Iterator;+0
j  clojure.lang.MultiFn.findAndCacheBestMethod(Ljava/lang/Object;)Lclojure/lang/IFn;+33
j  clojure.lang.MultiFn.getMethod(Ljava/lang/Object;)Lclojure/lang/IFn;+43
j  clojure.lang.MultiFn.getFn(Ljava/lang/Object;)Lclojure/lang/IFn;+2
j  clojure.lang.MultiFn.invoke(Ljava/lang/Object;Ljava/lang/Object;)Ljava/lang/Object;+12
j  clojure.core$pr_on.invoke(Ljava/lang/Object;Ljava/lang/Object;)Ljava/lang/Object;+56
j  clojure.core$pr.invoke(Ljava/lang/Object;)Ljava/lang/Object;+18
j  clojure.lang.AFn.applyToHelper(Lclojure/lang/IFn;Lclojure/lang/ISeq;)Ljava/lang/Object;+126
j  clojure.lang.RestFn.applyTo(Lclojure/lang/ISeq;)Ljava/lang/Object;+23
j  clojure.core$apply.invoke(Ljava/lang/Object;Ljava/lang/Object;)Ljava/lang/Object;+26
j  clojure.core$pr.doInvoke(Ljava/lang/Object;Ljava/lang/Object;)Ljava/lang/Object;+121
j  clojure.lang.RestFn.applyTo(Lclojure/lang/ISeq;)Ljava/lang/Object;+159
j  clojure.core$apply.invoke(Ljava/lang/Object;Ljava/lang/Object;)Ljava/lang/Object;+26
j  clojure.core$prn.doInvoke(Ljava/lang/Object;)Ljava/lang/Object;+18
j  clojure.lang.RestFn.applyTo(Lclojure/lang/ISeq;)Ljava/lang/Object;+136
j  clojure.core$apply.invoke(Ljava/lang/Object;Ljava/lang/Object;)Ljava/lang/Object;+26
j  clojure.core$println.doInvoke(Ljava/lang/Object;)Ljava/lang/Object;+51
j  clojure.lang.RestFn.invoke(Ljava/lang/Object;Ljava/lang/Object;Ljava/lang/Object;Ljava/lang/Object;)Ljava/lang/Object;+90
j  chess_clojure.core$san__GT_move.invoke(Ljava/lang/Object;Ljava/lang/Object;)Ljava/lang/Object;+21
j  chess_clojure.core$xboard_server.invoke()Ljava/lang/Object;+360
j  chess_clojure.core$_main.doInvoke(Ljava/lang/Object;)Ljava/lang/Object;+76
j  clojure.lang.RestFn.invoke()Ljava/lang/Object;+26
j  clojure.lang.AFn.applyToHelper(Lclojure/lang/IFn;Lclojure/lang/ISeq;)Ljava/lang/Object;+107
j  clojure.lang.RestFn.applyTo(Lclojure/lang/ISeq;)Ljava/lang/Object;+23
j  chess_clojure.core.main([Ljava/lang/String;)V+29
v  ~StubRoutines::call_stub
V  [libjvm.so+0x5ff8f5]  JavaCalls::call_helper(JavaValue*, methodHandle*, JavaCallArguments*, Thread*)+0x365
V  [libjvm.so+0x5fe358]  JavaCalls::call(JavaValue*, methodHandle, JavaCallArguments*, Thread*)+0x28
V  [libjvm.so+0x638099]  jni_invoke_static(JNIEnv_*, JavaValue*, _jobject*, JNICallType, _jmethodID*, JNI_ArgumentPusher*, Thread*)+0x219
V  [libjvm.so+0x640cb2]  jni_CallStaticVoidMethod+0x162
C  [libjli.so+0x36d9]  JavaMain+0x7e9

Java frames: (J=compiled Java code, j=interpreted, Vv=VM code)
j  java.util.zip.ZipFile.getEntry(J[BZ)J+0
j  java.util.zip.ZipFile.getEntry(Ljava/lang/String;)Ljava/util/zip/ZipEntry;+38
j  java.util.jar.JarFile.getEntry(Ljava/lang/String;)Ljava/util/zip/ZipEntry;+2
J 91 C2 sun.misc.URLClassPath.getResource(Ljava/lang/String;Z)Lsun/misc/Resource; (74 bytes) @ 0x00007fa1cd257558 [0x00007fa1cd2573c0+0x198]
j  java.net.URLClassLoader$1.run()Ljava/lang/Class;+26
j  java.net.URLClassLoader$1.run()Ljava/lang/Object;+1
v  ~StubRoutines::call_stub
j  java.security.AccessController.doPrivileged(Ljava/security/PrivilegedExceptionAction;Ljava/security/AccessControlContext;)Ljava/lang/Object;+0
j  java.net.URLClassLoader.findClass(Ljava/lang/String;)Ljava/lang/Class;+13
j  java.lang.ClassLoader.loadClass(Ljava/lang/String;Z)Ljava/lang/Class;+70
j  sun.misc.Launcher$AppClassLoader.loadClass(Ljava/lang/String;Z)Ljava/lang/Class;+36
j  java.lang.ClassLoader.loadClass(Ljava/lang/String;)Ljava/lang/Class;+3
v  ~StubRoutines::call_stub
j  clojure.lang.PersistentHashMap.iterator()Ljava/util/Iterator;+0
j  clojure.lang.MultiFn.findAndCacheBestMethod(Ljava/lang/Object;)Lclojure/lang/IFn;+33
j  clojure.lang.MultiFn.getMethod(Ljava/lang/Object;)Lclojure/lang/IFn;+43
j  clojure.lang.MultiFn.getFn(Ljava/lang/Object;)Lclojure/lang/IFn;+2
j  clojure.lang.MultiFn.invoke(Ljava/lang/Object;Ljava/lang/Object;)Ljava/lang/Object;+12
j  clojure.core$pr_on.invoke(Ljava/lang/Object;Ljava/lang/Object;)Ljava/lang/Object;+56
j  clojure.core$pr.invoke(Ljava/lang/Object;)Ljava/lang/Object;+18
j  clojure.lang.AFn.applyToHelper(Lclojure/lang/IFn;Lclojure/lang/ISeq;)Ljava/lang/Object;+126
j  clojure.lang.RestFn.applyTo(Lclojure/lang/ISeq;)Ljava/lang/Object;+23
j  clojure.core$apply.invoke(Ljava/lang/Object;Ljava/lang/Object;)Ljava/lang/Object;+26
j  clojure.core$pr.doInvoke(Ljava/lang/Object;Ljava/lang/Object;)Ljava/lang/Object;+121
j  clojure.lang.RestFn.applyTo(Lclojure/lang/ISeq;)Ljava/lang/Object;+159
j  clojure.core$apply.invoke(Ljava/lang/Object;Ljava/lang/Object;)Ljava/lang/Object;+26
j  clojure.core$prn.doInvoke(Ljava/lang/Object;)Ljava/lang/Object;+18
j  clojure.lang.RestFn.applyTo(Lclojure/lang/ISeq;)Ljava/lang/Object;+136
j  clojure.core$apply.invoke(Ljava/lang/Object;Ljava/lang/Object;)Ljava/lang/Object;+26
j  clojure.core$println.doInvoke(Ljava/lang/Object;)Ljava/lang/Object;+51
j  clojure.lang.RestFn.invoke(Ljava/lang/Object;Ljava/lang/Object;Ljava/lang/Object;Ljava/lang/Object;)Ljava/lang/Object;+90
j  chess_clojure.core$san__GT_move.invoke(Ljava/lang/Object;Ljava/lang/Object;)Ljava/lang/Object;+21
j  chess_clojure.core$xboard_server.invoke()Ljava/lang/Object;+360
j  chess_clojure.core$_main.doInvoke(Ljava/lang/Object;)Ljava/lang/Object;+76
j  clojure.lang.RestFn.invoke()Ljava/lang/Object;+26
j  clojure.lang.AFn.applyToHelper(Lclojure/lang/IFn;Lclojure/lang/ISeq;)Ljava/lang/Object;+107
j  clojure.lang.RestFn.applyTo(Lclojure/lang/ISeq;)Ljava/lang/Object;+23
j  chess_clojure.core.main([Ljava/lang/String;)V+29
v  ~StubRoutines::call_stub

---------------  P R O C E S S  ---------------

Java Threads: ( => current thread )
  0x00007fa1c4009000 JavaThread "Service Thread" daemon [_thread_blocked, id=10163, stack(0x00007fa1c8f25000,0x00007fa1c9026000)]
  0x00007fa1c4006800 JavaThread "C2 CompilerThread1" daemon [_thread_blocked, id=10162, stack(0x00007fa1c9026000,0x00007fa1c9127000)]
  0x0000000001fd6000 JavaThread "C2 CompilerThread0" daemon [_thread_blocked, id=10161, stack(0x00007fa1c9127000,0x00007fa1c9228000)]
  0x0000000001fd4000 JavaThread "Signal Dispatcher" daemon [_thread_blocked, id=10160, stack(0x00007fa1c9228000,0x00007fa1c9329000)]
  0x0000000001fac000 JavaThread "Finalizer" daemon [_thread_blocked, id=10159, stack(0x00007fa1c94a0000,0x00007fa1c95a1000)]
  0x0000000001faa800 JavaThread "Reference Handler" daemon [_thread_blocked, id=10158, stack(0x00007fa1c95a1000,0x00007fa1c96a2000)]
=>0x0000000001e7f000 JavaThread "main" [_thread_in_native, id=10152, stack(0x00007fa1d2e18000,0x00007fa1d2f19000)]

Other Threads:
  0x0000000001fa6000 VMThread [stack: 0x00007fa1c96a2000,0x00007fa1c97a3000] [id=10157]
  0x00007fa1c4014000 WatcherThread [stack: 0x00007fa1c8e24000,0x00007fa1c8f25000] [id=10164]

VM state:not at safepoint (normal execution)

VM Mutex/Monitor currently owned by a thread: None

Heap
 PSYoungGen      total 17408K, used 13456K [0x00000000ed080000, 0x00000000ef280000, 0x0000000100000000)
  eden space 15360K, 74% used [0x00000000ed080000,0x00000000edba83e0,0x00000000edf80000)
  from space 2048K, 99% used [0x00000000ee180000,0x00000000ee37c010,0x00000000ee380000)
  to   space 2048K, 0% used [0x00000000edf80000,0x00000000edf80000,0x00000000ee180000)
 ParOldGen       total 38400K, used 4989K [0x00000000c7200000, 0x00000000c9780000, 0x00000000ed080000)
  object space 38400K, 12% used [0x00000000c7200000,0x00000000c76df7c0,0x00000000c9780000)
 PSPermGen       total 21504K, used 11977K [0x00000000c2000000, 0x00000000c3500000, 0x00000000c7200000)
  object space 21504K, 55% used [0x00000000c2000000,0x00000000c2bb25b0,0x00000000c3500000)

Card table byte_map: [0x00007fa1ccfda000,0x00007fa1cd1cb000] byte_map_base: 0x00007fa1cc9ca000

Polling page: 0x00007fa1d2f32000

Code Cache  [0x00007fa1cd1cb000, 0x00007fa1cd43b000, 0x00007fa1d01cb000)
 total_blobs=424 nmethods=183 adapters=195 free_code_cache=48073Kb largest_free_block=49150656

Compilation events (10 events):
Event: 2.609 Thread 0x00007fa1c4006800 nmethod 179 0x00007fa1cd2ba3d0 code [0x00007fa1cd2ba520, 0x00007fa1cd2ba5e8]
Event: 2.609 Thread 0x00007fa1c4006800  180             clojure.lang.RT$DefaultComparator::compare (6 bytes)
Event: 2.609 Thread 0x00007fa1c4006800 nmethod 180 0x00007fa1cd2b9190 code [0x00007fa1cd2b92e0, 0x00007fa1cd2b9368]
Event: 2.609 Thread 0x00007fa1c4006800  181             clojure.lang.Numbers::compare (42 bytes)
Event: 2.612 Thread 0x00007fa1c4006800 nmethod 181 0x00007fa1cd2b8b90 code [0x00007fa1cd2b8d20, 0x00007fa1cd2b8f38]
Event: 2.612 Thread 0x00007fa1c4006800  182             clojure.lang.PersistentTreeMap::entryAt (47 bytes)
Event: 2.615 Thread 0x00007fa1c4006800 nmethod 182 0x00007fa1cd2b8710 code [0x00007fa1cd2b8880, 0x00007fa1cd2b89a8]
Event: 2.615 Thread 0x00007fa1c4006800  183             clojure.lang.PersistentHashMap$BitmapIndexedNode::find (90 bytes)
Event: 2.626 Thread 0x00007fa1c4006800 nmethod 183 0x00007fa1cd2c6cd0 code [0x00007fa1cd2c6f20, 0x00007fa1cd2c78a0]
Event: 2.703 Thread 0x0000000001fd6000 nmethod 129 0x00007fa1cd2d4590 code [0x00007fa1cd2d5340, 0x00007fa1cd2df5f8]

GC Heap History (4 events):
Event: 0.913 GC heap before
{Heap before GC invocations=1 (full 0):
 PSYoungGen      total 17408K, used 15360K [0x00000000ed080000, 0x00000000ee380000, 0x0000000100000000)
  eden space 15360K, 100% used [0x00000000ed080000,0x00000000edf80000,0x00000000edf80000)
  from space 2048K, 0% used [0x00000000ee180000,0x00000000ee180000,0x00000000ee380000)
  to   space 2048K, 0% used [0x00000000edf80000,0x00000000edf80000,0x00000000ee180000)
 ParOldGen       total 38400K, used 0K [0x00000000c7200000, 0x00000000c9780000, 0x00000000ed080000)
  object space 38400K, 0% used [0x00000000c7200000,0x00000000c7200000,0x00000000c9780000)
 PSPermGen       total 21504K, used 7735K [0x00000000c2000000, 0x00000000c3500000, 0x00000000c7200000)
  object space 21504K, 35% used [0x00000000c2000000,0x00000000c278de80,0x00000000c3500000)
Event: 0.922 GC heap after
Heap after GC invocations=1 (full 0):
 PSYoungGen      total 17408K, used 2032K [0x00000000ed080000, 0x00000000ee380000, 0x0000000100000000)
  eden space 15360K, 0% used [0x00000000ed080000,0x00000000ed080000,0x00000000edf80000)
  from space 2048K, 99% used [0x00000000edf80000,0x00000000ee17c030,0x00000000ee180000)
  to   space 2048K, 0% used [0x00000000ee180000,0x00000000ee180000,0x00000000ee380000)
 ParOldGen       total 38400K, used 2534K [0x00000000c7200000, 0x00000000c9780000, 0x00000000ed080000)
  object space 38400K, 6% used [0x00000000c7200000,0x00000000c7479888,0x00000000c9780000)
 PSPermGen       total 21504K, used 7735K [0x00000000c2000000, 0x00000000c3500000, 0x00000000c7200000)
  object space 21504K, 35% used [0x00000000c2000000,0x00000000c278de80,0x00000000c3500000)
}
Event: 1.545 GC heap before
{Heap before GC invocations=2 (full 0):
 PSYoungGen      total 17408K, used 17392K [0x00000000ed080000, 0x00000000ee380000, 0x0000000100000000)
  eden space 15360K, 100% used [0x00000000ed080000,0x00000000edf80000,0x00000000edf80000)
  from space 2048K, 99% used [0x00000000edf80000,0x00000000ee17c030,0x00000000ee180000)
  to   space 2048K, 0% used [0x00000000ee180000,0x00000000ee180000,0x00000000ee380000)
 ParOldGen       total 38400K, used 2534K [0x00000000c7200000, 0x00000000c9780000, 0x00000000ed080000)
  object space 38400K, 6% used [0x00000000c7200000,0x00000000c7479888,0x00000000c9780000)
 PSPermGen       total 21504K, used 10516K [0x00000000c2000000, 0x00000000c3500000, 0x00000000c7200000)
  object space 21504K, 48% used [0x00000000c2000000,0x00000000c2a452c8,0x00000000c3500000)
Event: 1.558 GC heap after
Heap after GC invocations=2 (full 0):
 PSYoungGen      total 17408K, used 2032K [0x00000000ed080000, 0x00000000ef280000, 0x0000000100000000)
  eden space 15360K, 0% used [0x00000000ed080000,0x00000000ed080000,0x00000000edf80000)
  from space 2048K, 99% used [0x00000000ee180000,0x00000000ee37c010,0x00000000ee380000)
  to   space 2048K, 0% used [0x00000000edf80000,0x00000000edf80000,0x00000000ee180000)
 ParOldGen       total 38400K, used 4989K [0x00000000c7200000, 0x00000000c9780000, 0x00000000ed080000)
  object space 38400K, 12% used [0x00000000c7200000,0x00000000c76df7c0,0x00000000c9780000)
 PSPermGen       total 21504K, used 10516K [0x00000000c2000000, 0x00000000c3500000, 0x00000000c7200000)
  object space 21504K, 48% used [0x00000000c2000000,0x00000000c2a452c8,0x00000000c3500000)
}

Deoptimization events (10 events):
Event: 1.712 Thread 0x0000000001e7f000 Uncommon trap: reason=null_check action=make_not_entrant pc=0x00007fa1cd27ef84 method=clojure.lang.RT.seqFrom(Ljava/lang/Object;)Lclojure/lang/ISeq; @ 1
Event: 1.815 Thread 0x0000000001e7f000 Uncommon trap: reason=class_check action=maybe_recompile pc=0x00007fa1cd24e42c method=clojure.lang.Symbol.equals(Ljava/lang/Object;)Z @ 8
Event: 1.837 Thread 0x0000000001e7f000 Uncommon trap: reason=null_check action=make_not_entrant pc=0x00007fa1cd285544 method=clojure.lang.RT.seqFrom(Ljava/lang/Object;)Lclojure/lang/ISeq; @ 1
Event: 1.977 Thread 0x0000000001e7f000 Uncommon trap: reason=class_check action=maybe_recompile pc=0x00007fa1cd29042c method=clojure.lang.RT.next(Ljava/lang/Object;)Lclojure/lang/ISeq; @ 29
Event: 1.979 Thread 0x0000000001e7f000 Uncommon trap: reason=class_check action=maybe_recompile pc=0x00007fa1cd29042c method=clojure.lang.RT.next(Ljava/lang/Object;)Lclojure/lang/ISeq; @ 29
Event: 2.011 Thread 0x0000000001e7f000 Uncommon trap: reason=class_check action=maybe_recompile pc=0x00007fa1cd29042c method=clojure.lang.RT.next(Ljava/lang/Object;)Lclojure/lang/ISeq; @ 29
Event: 2.028 Thread 0x0000000001e7f000 Uncommon trap: reason=class_check action=maybe_recompile pc=0x00007fa1cd29042c method=clojure.lang.RT.next(Ljava/lang/Object;)Lclojure/lang/ISeq; @ 29
Event: 2.070 Thread 0x0000000001e7f000 Uncommon trap: reason=class_check action=maybe_recompile pc=0x00007fa1cd29971c method=clojure.lang.RT.next(Ljava/lang/Object;)Lclojure/lang/ISeq; @ 29
Event: 853.619 Thread 0x0000000001e7f000 Uncommon trap: reason=unreached action=reinterpret pc=0x00007fa1cd247da4 method=clojure.lang.PersistentHashMap.valAt(Ljava/lang/Object;Ljava/lang/Object;)Ljava/lang/Object; @ 1
Event: 870.297 Thread 0x0000000001e7f000 Uncommon trap: reason=null_check action=make_not_entrant pc=0x00007fa1cd2aadd4 method=clojure.lang.RT.count(Ljava/lang/Object;)I @ 1

Internal exceptions (10 events):
Event: 2.349 Thread 0x0000000001e7f000 Threw 0x00000000edb86460 at /HUDSON/workspace/7u-2-build-linux-amd64/jdk7u60/1081/hotspot/src/share/vm/prims/jvm.cpp:1244
Event: 2.350 Thread 0x0000000001e7f000 Threw 0x00000000edb8b490 at /HUDSON/workspace/7u-2-build-linux-amd64/jdk7u60/1081/hotspot/src/share/vm/prims/jvm.cpp:1244
Event: 2.351 Thread 0x0000000001e7f000 Threw 0x00000000edb900b0 at /HUDSON/workspace/7u-2-build-linux-amd64/jdk7u60/1081/hotspot/src/share/vm/prims/jvm.cpp:1244
Event: 2.351 Thread 0x0000000001e7f000 Threw 0x00000000edb956a0 at /HUDSON/workspace/7u-2-build-linux-amd64/jdk7u60/1081/hotspot/src/share/vm/prims/jvm.cpp:1244
Event: 2.352 Thread 0x0000000001e7f000 Threw 0x00000000edb97df0 at /HUDSON/workspace/7u-2-build-linux-amd64/jdk7u60/1081/hotspot/src/share/vm/prims/jvm.cpp:1244
Event: 853.619 Thread 0x0000000001e7f000 Implicit null exception at 0x00007fa1cd247a86 to 0x00007fa1cd247d91
Event: 869.297 Thread 0x0000000001e7f000 Threw 0x00000000edb9d098 at /HUDSON/workspace/7u-2-build-linux-amd64/jdk7u60/1081/hotspot/src/share/vm/prims/jni.cpp:717
Event: 869.297 Thread 0x0000000001e7f000 Threw 0x00000000edb9d290 at /HUDSON/workspace/7u-2-build-linux-amd64/jdk7u60/1081/hotspot/src/share/vm/prims/jni.cpp:717
Event: 870.297 Thread 0x0000000001e7f000 Implicit null exception at 0x00007fa1cd2aad2f to 0x00007fa1cd2aadc9
Event: 870.298 Thread 0x0000000001e7f000 Threw 0x00000000edb9ded0 at /HUDSON/workspace/7u-2-build-linux-amd64/jdk7u60/1081/hotspot/src/share/vm/prims/jvm.cpp:1244

Events (10 events):
Event: 853.619 Thread 0x0000000001e7f000 Uncommon trap: trap_request=0xffffffad fr.pc=0x00007fa1cd247da4
Event: 853.619 Thread 0x0000000001e7f000 DEOPT PACKING pc=0x00007fa1cd247da4 sp=0x00007fa1d2f17020
Event: 853.619 Thread 0x0000000001e7f000 DEOPT UNPACKING pc=0x00007fa1cd204045 sp=0x00007fa1d2f16ff8 mode 2
Event: 869.297 loading class 0x00007fa1ca971740
Event: 869.297 loading class 0x00007fa1ca971740 done
Event: 870.297 Thread 0x0000000001e7f000 Uncommon trap: trap_request=0xfffffff4 fr.pc=0x00007fa1cd2aadd4
Event: 870.297 Thread 0x0000000001e7f000 DEOPT PACKING pc=0x00007fa1cd2aadd4 sp=0x00007fa1d2f17670
Event: 870.298 Thread 0x0000000001e7f000 DEOPT UNPACKING pc=0x00007fa1cd204045 sp=0x00007fa1d2f17628 mode 2
Event: 870.298 loading class 0x00007fa1c4069d80
Event: 870.298 loading class 0x00007fa1c4069d80 done


Dynamic libraries:
00400000-00401000 r-xp 00000000 08:01 2365447                            /usr/lib/jvm/java-7-oracle/jre/bin/java
00600000-00601000 rw-p 00000000 08:01 2365447                            /usr/lib/jvm/java-7-oracle/jre/bin/java
01e74000-0283c000 rw-p 00000000 00:00 0                                  [heap]
c2000000-c3500000 rw-p 00000000 00:00 0 
c3500000-c7200000 rw-p 00000000 00:00 0 
c7200000-c9780000 rw-p 00000000 00:00 0 
c9780000-ed080000 rw-p 00000000 00:00 0 
ed080000-ef280000 rw-p 00000000 00:00 0 
ef280000-100000000 rw-p 00000000 00:00 0 
7fa1bc000000-7fa1bc31f000 rw-p 00000000 00:00 0 
7fa1bc31f000-7fa1c0000000 ---p 00000000 00:00 0 
7fa1c4000000-7fa1c50ea000 rw-p 00000000 00:00 0 
7fa1c50ea000-7fa1c8000000 ---p 00000000 00:00 0 
7fa1c89b9000-7fa1c89cf000 r-xp 00000000 08:01 2491262                    /usr/lib/jvm/java-7-oracle/jre/lib/amd64/libnet.so
7fa1c89cf000-7fa1c8bcf000 ---p 00016000 08:01 2491262                    /usr/lib/jvm/java-7-oracle/jre/lib/amd64/libnet.so
7fa1c8bcf000-7fa1c8bd0000 rw-p 00016000 08:01 2491262                    /usr/lib/jvm/java-7-oracle/jre/lib/amd64/libnet.so
7fa1c8bd0000-7fa1c8be0000 r-xp 00000000 08:01 2491304                    /usr/lib/jvm/java-7-oracle/jre/lib/amd64/libnio.so
7fa1c8be0000-7fa1c8de0000 ---p 00010000 08:01 2491304                    /usr/lib/jvm/java-7-oracle/jre/lib/amd64/libnio.so
7fa1c8de0000-7fa1c8de1000 rw-p 00010000 08:01 2491304                    /usr/lib/jvm/java-7-oracle/jre/lib/amd64/libnio.so
7fa1c8de1000-7fa1c8e24000 r--s 00383000 08:05 14429714                   /home/john/chess_clojure/target/chess_clojure-0.1.0-SNAPSHOT-standalone.jar
7fa1c8e24000-7fa1c8e25000 ---p 00000000 00:00 0 
7fa1c8e25000-7fa1c8f25000 rw-p 00000000 00:00 0 
7fa1c8f25000-7fa1c8f28000 ---p 00000000 00:00 0 
7fa1c8f28000-7fa1c9026000 rw-p 00000000 00:00 0 
7fa1c9026000-7fa1c9029000 ---p 00000000 00:00 0 
7fa1c9029000-7fa1c9127000 rw-p 00000000 00:00 0 
7fa1c9127000-7fa1c912a000 ---p 00000000 00:00 0 
7fa1c912a000-7fa1c9228000 rw-p 00000000 00:00 0 
7fa1c9228000-7fa1c922b000 ---p 00000000 00:00 0 
7fa1c922b000-7fa1c9329000 rw-p 00000000 00:00 0 
7fa1c9329000-7fa1c94a0000 r--p 00000000 08:01 1972525                    /usr/lib/locale/locale-archive
7fa1c94a0000-7fa1c94a3000 ---p 00000000 00:00 0 
7fa1c94a3000-7fa1c95a1000 rw-p 00000000 00:00 0 
7fa1c95a1000-7fa1c95a4000 ---p 00000000 00:00 0 
7fa1c95a4000-7fa1c96a2000 rw-p 00000000 00:00 0 
7fa1c96a2000-7fa1c96a3000 ---p 00000000 00:00 0 
7fa1c96a3000-7fa1ca6fd000 rw-p 00000000 00:00 0 
7fa1ca6fd000-7fa1ca8bc000 r--s 039e2000 08:01 2491337                    /usr/lib/jvm/java-7-oracle/jre/lib/rt.jar
7fa1ca8bc000-7fa1cca7d000 rw-p 00000000 00:00 0 
7fa1cca7d000-7fa1cca7e000 ---p 00000000 00:00 0 
7fa1cca7e000-7fa1ccb7e000 rw-p 00000000 00:00 0 
7fa1ccb7e000-7fa1ccb7f000 ---p 00000000 00:00 0 
7fa1ccb7f000-7fa1ccc7f000 rw-p 00000000 00:00 0 
7fa1ccc7f000-7fa1ccc80000 ---p 00000000 00:00 0 
7fa1ccc80000-7fa1ccd80000 rw-p 00000000 00:00 0 
7fa1ccd80000-7fa1ccd81000 ---p 00000000 00:00 0 
7fa1ccd81000-7fa1cce8c000 rw-p 00000000 00:00 0 
7fa1cce8c000-7fa1cceaa000 rw-p 00000000 00:00 0 
7fa1cceaa000-7fa1ccebd000 rw-p 00000000 00:00 0 
7fa1ccebd000-7fa1ccfda000 rw-p 00000000 00:00 0 
7fa1ccfda000-7fa1ccfe5000 rw-p 00000000 00:00 0 
7fa1ccfe5000-7fa1cd003000 rw-p 00000000 00:00 0 
7fa1cd003000-7fa1cd016000 rw-p 00000000 00:00 0 
7fa1cd016000-7fa1cd132000 rw-p 00000000 00:00 0 
7fa1cd132000-7fa1cd144000 rw-p 00000000 00:00 0 
7fa1cd144000-7fa1cd1ca000 rw-p 00000000 00:00 0 
7fa1cd1ca000-7fa1cd1cb000 rw-p 00000000 00:00 0 
7fa1cd1cb000-7fa1cd43b000 rwxp 00000000 00:00 0 
7fa1cd43b000-7fa1d01cb000 rw-p 00000000 00:00 0 
7fa1d01cb000-7fa1d01e5000 r-xp 00000000 08:01 2491295                    /usr/lib/jvm/java-7-oracle/jre/lib/amd64/libzip.so
7fa1d01e5000-7fa1d03e5000 ---p 0001a000 08:01 2491295                    /usr/lib/jvm/java-7-oracle/jre/lib/amd64/libzip.so
7fa1d03e5000-7fa1d03e6000 rw-p 0001a000 08:01 2491295                    /usr/lib/jvm/java-7-oracle/jre/lib/amd64/libzip.so
7fa1d03e6000-7fa1d03f1000 r-xp 00000000 08:01 131092                     /lib/x86_64-linux-gnu/libnss_files-2.13.so
7fa1d03f1000-7fa1d05f0000 ---p 0000b000 08:01 131092                     /lib/x86_64-linux-gnu/libnss_files-2.13.so
7fa1d05f0000-7fa1d05f1000 r--p 0000a000 08:01 131092                     /lib/x86_64-linux-gnu/libnss_files-2.13.so
7fa1d05f1000-7fa1d05f2000 rw-p 0000b000 08:01 131092                     /lib/x86_64-linux-gnu/libnss_files-2.13.so
7fa1d05f2000-7fa1d05fc000 r-xp 00000000 08:01 131088                     /lib/x86_64-linux-gnu/libnss_nis-2.13.so
7fa1d05fc000-7fa1d07fb000 ---p 0000a000 08:01 131088                     /lib/x86_64-linux-gnu/libnss_nis-2.13.so
7fa1d07fb000-7fa1d07fc000 r--p 00009000 08:01 131088                     /lib/x86_64-linux-gnu/libnss_nis-2.13.so
7fa1d07fc000-7fa1d07fd000 rw-p 0000a000 08:01 131088                     /lib/x86_64-linux-gnu/libnss_nis-2.13.so
7fa1d07fd000-7fa1d0812000 r-xp 00000000 08:01 131086                     /lib/x86_64-linux-gnu/libnsl-2.13.so
7fa1d0812000-7fa1d0a11000 ---p 00015000 08:01 131086                     /lib/x86_64-linux-gnu/libnsl-2.13.so
7fa1d0a11000-7fa1d0a12000 r--p 00014000 08:01 131086                     /lib/x86_64-linux-gnu/libnsl-2.13.so
7fa1d0a12000-7fa1d0a13000 rw-p 00015000 08:01 131086                     /lib/x86_64-linux-gnu/libnsl-2.13.so
7fa1d0a13000-7fa1d0a15000 rw-p 00000000 00:00 0 
7fa1d0a15000-7fa1d0a1c000 r-xp 00000000 08:01 131081                     /lib/x86_64-linux-gnu/libnss_compat-2.13.so
7fa1d0a1c000-7fa1d0c1b000 ---p 00007000 08:01 131081                     /lib/x86_64-linux-gnu/libnss_compat-2.13.so
7fa1d0c1b000-7fa1d0c1c000 r--p 00006000 08:01 131081                     /lib/x86_64-linux-gnu/libnss_compat-2.13.so
7fa1d0c1c000-7fa1d0c1d000 rw-p 00007000 08:01 131081                     /lib/x86_64-linux-gnu/libnss_compat-2.13.so
7fa1d0c1d000-7fa1d0c46000 r-xp 00000000 08:01 2491276                    /usr/lib/jvm/java-7-oracle/jre/lib/amd64/libjava.so
7fa1d0c46000-7fa1d0e46000 ---p 00029000 08:01 2491276                    /usr/lib/jvm/java-7-oracle/jre/lib/amd64/libjava.so
7fa1d0e46000-7fa1d0e48000 rw-p 00029000 08:01 2491276                    /usr/lib/jvm/java-7-oracle/jre/lib/amd64/libjava.so
7fa1d0e48000-7fa1d0e55000 r-xp 00000000 08:01 2491258                    /usr/lib/jvm/java-7-oracle/jre/lib/amd64/libverify.so
7fa1d0e55000-7fa1d1054000 ---p 0000d000 08:01 2491258                    /usr/lib/jvm/java-7-oracle/jre/lib/amd64/libverify.so
7fa1d1054000-7fa1d1056000 rw-p 0000c000 08:01 2491258                    /usr/lib/jvm/java-7-oracle/jre/lib/amd64/libverify.so
7fa1d1056000-7fa1d105d000 r-xp 00000000 08:01 131096                     /lib/x86_64-linux-gnu/librt-2.13.so
7fa1d105d000-7fa1d125c000 ---p 00007000 08:01 131096                     /lib/x86_64-linux-gnu/librt-2.13.so
7fa1d125c000-7fa1d125d000 r--p 00006000 08:01 131096                     /lib/x86_64-linux-gnu/librt-2.13.so
7fa1d125d000-7fa1d125e000 rw-p 00007000 08:01 131096                     /lib/x86_64-linux-gnu/librt-2.13.so
7fa1d125e000-7fa1d12df000 r-xp 00000000 08:01 131083                     /lib/x86_64-linux-gnu/libm-2.13.so
7fa1d12df000-7fa1d14de000 ---p 00081000 08:01 131083                     /lib/x86_64-linux-gnu/libm-2.13.so
7fa1d14de000-7fa1d14df000 r--p 00080000 08:01 131083                     /lib/x86_64-linux-gnu/libm-2.13.so
7fa1d14df000-7fa1d14e0000 rw-p 00081000 08:01 131083                     /lib/x86_64-linux-gnu/libm-2.13.so
7fa1d14e0000-7fa1d2050000 r-xp 00000000 08:01 2491265                    /usr/lib/jvm/java-7-oracle/jre/lib/amd64/server/libjvm.so
7fa1d2050000-7fa1d224f000 ---p 00b70000 08:01 2491265                    /usr/lib/jvm/java-7-oracle/jre/lib/amd64/server/libjvm.so
7fa1d224f000-7fa1d2313000 rw-p 00b6f000 08:01 2491265                    /usr/lib/jvm/java-7-oracle/jre/lib/amd64/server/libjvm.so
7fa1d2313000-7fa1d2354000 rw-p 00000000 00:00 0 
7fa1d2354000-7fa1d24d6000 r-xp 00000000 08:01 131075                     /lib/x86_64-linux-gnu/libc-2.13.so
7fa1d24d6000-7fa1d26d5000 ---p 00182000 08:01 131075                     /lib/x86_64-linux-gnu/libc-2.13.so
7fa1d26d5000-7fa1d26d9000 r--p 00181000 08:01 131075                     /lib/x86_64-linux-gnu/libc-2.13.so
7fa1d26d9000-7fa1d26da000 rw-p 00185000 08:01 131075                     /lib/x86_64-linux-gnu/libc-2.13.so
7fa1d26da000-7fa1d26df000 rw-p 00000000 00:00 0 
7fa1d26df000-7fa1d26e1000 r-xp 00000000 08:01 131090                     /lib/x86_64-linux-gnu/libdl-2.13.so
7fa1d26e1000-7fa1d28e1000 ---p 00002000 08:01 131090                     /lib/x86_64-linux-gnu/libdl-2.13.so
7fa1d28e1000-7fa1d28e2000 r--p 00002000 08:01 131090                     /lib/x86_64-linux-gnu/libdl-2.13.so
7fa1d28e2000-7fa1d28e3000 rw-p 00003000 08:01 131090                     /lib/x86_64-linux-gnu/libdl-2.13.so
7fa1d28e3000-7fa1d28f9000 r-xp 00000000 08:01 2491270                    /usr/lib/jvm/java-7-oracle/jre/lib/amd64/jli/libjli.so
7fa1d28f9000-7fa1d2af9000 ---p 00016000 08:01 2491270                    /usr/lib/jvm/java-7-oracle/jre/lib/amd64/jli/libjli.so
7fa1d2af9000-7fa1d2afa000 rw-p 00016000 08:01 2491270                    /usr/lib/jvm/java-7-oracle/jre/lib/amd64/jli/libjli.so
7fa1d2afa000-7fa1d2b11000 r-xp 00000000 08:01 131094                     /lib/x86_64-linux-gnu/libpthread-2.13.so
7fa1d2b11000-7fa1d2d10000 ---p 00017000 08:01 131094                     /lib/x86_64-linux-gnu/libpthread-2.13.so
7fa1d2d10000-7fa1d2d11000 r--p 00016000 08:01 131094                     /lib/x86_64-linux-gnu/libpthread-2.13.so
7fa1d2d11000-7fa1d2d12000 rw-p 00017000 08:01 131094                     /lib/x86_64-linux-gnu/libpthread-2.13.so
7fa1d2d12000-7fa1d2d16000 rw-p 00000000 00:00 0 
7fa1d2d16000-7fa1d2d36000 r-xp 00000000 08:01 131098                     /lib/x86_64-linux-gnu/ld-2.13.so
7fa1d2d44000-7fa1d2d62000 rw-p 00000000 00:00 0 
7fa1d2d62000-7fa1d2e18000 rw-p 00000000 00:00 0 
7fa1d2e18000-7fa1d2e1b000 ---p 00000000 00:00 0 
7fa1d2e1b000-7fa1d2f1d000 rw-p 00000000 00:00 0 
7fa1d2f26000-7fa1d2f29000 rw-p 00000000 00:00 0 
7fa1d2f29000-7fa1d2f31000 rw-s 00000000 08:01 2107015                    /tmp/hsperfdata_john/10151
7fa1d2f31000-7fa1d2f32000 rw-p 00000000 00:00 0 
7fa1d2f32000-7fa1d2f33000 r--p 00000000 00:00 0 
7fa1d2f33000-7fa1d2f35000 rw-p 00000000 00:00 0 
7fa1d2f35000-7fa1d2f36000 r--p 0001f000 08:01 131098                     /lib/x86_64-linux-gnu/ld-2.13.so
7fa1d2f36000-7fa1d2f37000 rw-p 00020000 08:01 131098                     /lib/x86_64-linux-gnu/ld-2.13.so
7fa1d2f37000-7fa1d2f38000 rw-p 00000000 00:00 0 
7fff1cbd1000-7fff1cbf2000 rw-p 00000000 00:00 0                          [stack]
7fff1cbff000-7fff1cc00000 r-xp 00000000 00:00 0                          [vdso]
ffffffffff600000-ffffffffff601000 r-xp 00000000 00:00 0                  [vsyscall]

VM Arguments:
java_command: target/chess_clojure-0.1.0-SNAPSHOT-standalone.jar
Launcher Type: SUN_STANDARD

Environment Variables:
JAVA_HOME=/usr/local/jdk1.7.0_04/
CLASSPATH=:/usr/local/lib/itext/iText-2.1.3.jar
PATH=/home/john/.rbenv/bin:/home/john/bin/rubymine/bin:./script:/opt/jdk1.7.0_04/bin/:/usr/local/apache-maven-3.1.1/bin:./bin:/home/john/doremi-script-clojure/script/:/home/john/.cabal/bin:/home/john/bin:/opt/local/bin:/opt/local/sbin:/usr/local/bin:.:/usr/local/sbin/:/home/john/node_modules/.bin:/home/john/local/node/bin:/home/john/.rbenv/shims:/home/john/.rbenv/bin:/home/john/bin/rubymine/bin:./script:/opt/jdk1.7.0_04/bin/:/usr/local/apache-maven-3.1.1/bin:./bin:/home/john/doremi-script-clojure/script/:/home/john/.cabal/bin:/home/john/bin:/opt/local/bin:/opt/local/sbin:/usr/local/bin:.:/usr/local/sbin/:/home/john/node_modules/.bin:/home/john/local/node/bin:/usr/local/bin:/usr/bin:/bin:/usr/local/games:/usr/games:/usr/local/jdk1.6.0_30/jre/bin:/usr/local/jdk1.6.0_30/jre/bin
SHELL=/bin/zsh
DISPLAY=:0

Signal Handlers:
SIGSEGV: [libjvm.so+0x99f0f0], sa_mask[0]=0x7ffbfeff, sa_flags=0x10000004
SIGBUS: [libjvm.so+0x99f0f0], sa_mask[0]=0x7ffbfeff, sa_flags=0x10000004
SIGFPE: [libjvm.so+0x81a6d0], sa_mask[0]=0x7ffbfeff, sa_flags=0x10000004
SIGPIPE: [libjvm.so+0x81a6d0], sa_mask[0]=0x7ffbfeff, sa_flags=0x10000004
SIGXFSZ: [libjvm.so+0x81a6d0], sa_mask[0]=0x7ffbfeff, sa_flags=0x10000004
SIGILL: [libjvm.so+0x81a6d0], sa_mask[0]=0x7ffbfeff, sa_flags=0x10000004
SIGUSR1: SIG_DFL, sa_mask[0]=0x00000000, sa_flags=0x00000000
SIGUSR2: [libjvm.so+0x81bed0], sa_mask[0]=0x00000000, sa_flags=0x10000004
SIGHUP: [libjvm.so+0x81cfd0], sa_mask[0]=0x7ffbfeff, sa_flags=0x10000004
SIGINT: [libjvm.so+0x81cfd0], sa_mask[0]=0x7ffbfeff, sa_flags=0x10000004
SIGTERM: [libjvm.so+0x81cfd0], sa_mask[0]=0x7ffbfeff, sa_flags=0x10000004
SIGQUIT: [libjvm.so+0x81cfd0], sa_mask[0]=0x7ffbfeff, sa_flags=0x10000004


---------------  S Y S T E M  ---------------

OS:7.5

uname:Linux 3.2.0-4-amd64 #1 SMP Debian 3.2.57-3+deb7u2 x86_64
libc:glibc 2.13 NPTL 2.13 
rlimit: STACK 8192k, CORE 0k, NPROC 29012, NOFILE 4096, AS infinity
load average:9.48 2.60 1.13

/proc/meminfo:
MemTotal:        3726136 kB
MemFree:         2076940 kB
Buffers:            5532 kB
Cached:           214284 kB
SwapCached:        51524 kB
Active:          1073316 kB
Inactive:         458520 kB
Active(anon):    1000140 kB
Inactive(anon):   361188 kB
Active(file):      73176 kB
Inactive(file):    97332 kB
Unevictable:           0 kB
Mlocked:               0 kB
SwapTotal:       9764860 kB
SwapFree:        8846560 kB
Dirty:               636 kB
Writeback:           180 kB
AnonPages:       1266372 kB
Mapped:           106536 kB
Shmem:             49292 kB
Slab:              54588 kB
SReclaimable:      25052 kB
SUnreclaim:        29536 kB
KernelStack:        4168 kB
PageTables:        21780 kB
NFS_Unstable:          0 kB
Bounce:                0 kB
WritebackTmp:          0 kB
CommitLimit:    11627928 kB
Committed_AS:    4664144 kB
VmallocTotal:   34359738367 kB
VmallocUsed:      557024 kB
VmallocChunk:   34359177352 kB
HardwareCorrupted:     0 kB
AnonHugePages:         0 kB
HugePages_Total:       0
HugePages_Free:        0
HugePages_Rsvd:        0
HugePages_Surp:        0
Hugepagesize:       2048 kB
DirectMap4k:       63488 kB
DirectMap2M:     3794944 kB


CPU:total 4 (2 cores per cpu, 2 threads per core) family 6 model 37 stepping 5, cmov, cx8, fxsr, mmx, sse, sse2, sse3, ssse3, sse4.1, sse4.2, popcnt, ht, tsc, tscinvbit

/proc/cpuinfo:
processor	: 0
vendor_id	: GenuineIntel
cpu family	: 6
model		: 37
model name	: Intel(R) Core(TM) i3 CPU       M 370  @ 2.40GHz
stepping	: 5
microcode	: 0x2
cpu MHz		: 1999.000
cache size	: 3072 KB
physical id	: 0
siblings	: 4
core id		: 0
cpu cores	: 2
apicid		: 0
initial apicid	: 0
fpu		: yes
fpu_exception	: yes
cpuid level	: 11
wp		: yes
flags		: fpu vme de pse tsc msr pae mce cx8 apic sep mtrr pge mca cmov pat pse36 clflush dts acpi mmx fxsr sse sse2 ss ht tm pbe syscall nx rdtscp lm constant_tsc arch_perfmon pebs bts rep_good nopl xtopology nonstop_tsc aperfmperf pni dtes64 monitor ds_cpl vmx est tm2 ssse3 cx16 xtpr pdcm pcid sse4_1 sse4_2 popcnt lahf_lm arat dtherm tpr_shadow vnmi flexpriority ept vpid
bogomips	: 4789.39
clflush size	: 64
cache_alignment	: 64
address sizes	: 36 bits physical, 48 bits virtual
power management:

processor	: 1
vendor_id	: GenuineIntel
cpu family	: 6
model		: 37
model name	: Intel(R) Core(TM) i3 CPU       M 370  @ 2.40GHz
stepping	: 5
microcode	: 0x2
cpu MHz		: 1066.000
cache size	: 3072 KB
physical id	: 0
siblings	: 4
core id		: 0
cpu cores	: 2
apicid		: 1
initial apicid	: 1
fpu		: yes
fpu_exception	: yes
cpuid level	: 11
wp		: yes
flags		: fpu vme de pse tsc msr pae mce cx8 apic sep mtrr pge mca cmov pat pse36 clflush dts acpi mmx fxsr sse sse2 ss ht tm pbe syscall nx rdtscp lm constant_tsc arch_perfmon pebs bts rep_good nopl xtopology nonstop_tsc aperfmperf pni dtes64 monitor ds_cpl vmx est tm2 ssse3 cx16 xtpr pdcm pcid sse4_1 sse4_2 popcnt lahf_lm arat dtherm tpr_shadow vnmi flexpriority ept vpid
bogomips	: 4788.75
clflush size	: 64
cache_alignment	: 64
address sizes	: 36 bits physical, 48 bits virtual
power management:

processor	: 2
vendor_id	: GenuineIntel
cpu family	: 6
model		: 37
model name	: Intel(R) Core(TM) i3 CPU       M 370  @ 2.40GHz
stepping	: 5
microcode	: 0x2
cpu MHz		: 1999.000
cache size	: 3072 KB
physical id	: 0
siblings	: 4
core id		: 2
cpu cores	: 2
apicid		: 4
initial apicid	: 4
fpu		: yes
fpu_exception	: yes
cpuid level	: 11
wp		: yes
flags		: fpu vme de pse tsc msr pae mce cx8 apic sep mtrr pge mca cmov pat pse36 clflush dts acpi mmx fxsr sse sse2 ss ht tm pbe syscall nx rdtscp lm constant_tsc arch_perfmon pebs bts rep_good nopl xtopology nonstop_tsc aperfmperf pni dtes64 monitor ds_cpl vmx est tm2 ssse3 cx16 xtpr pdcm pcid sse4_1 sse4_2 popcnt lahf_lm arat dtherm tpr_shadow vnmi flexpriority ept vpid
bogomips	: 4788.75
clflush size	: 64
cache_alignment	: 64
address sizes	: 36 bits physical, 48 bits virtual
power management:

processor	: 3
vendor_id	: GenuineIntel
cpu family	: 6
model		: 37
model name	: Intel(R) Core(TM) i3 CPU       M 370  @ 2.40GHz
stepping	: 5
microcode	: 0x2
cpu MHz		: 2399.000
cache size	: 3072 KB
physical id	: 0
siblings	: 4
core id		: 2
cpu cores	: 2
apicid		: 5
initial apicid	: 5
fpu		: yes
fpu_exception	: yes
cpuid level	: 11
wp		: yes
flags		: fpu vme de pse tsc msr pae mce cx8 apic sep mtrr pge mca cmov pat pse36 clflush dts acpi mmx fxsr sse sse2 ss ht tm pbe syscall nx rdtscp lm constant_tsc arch_perfmon pebs bts rep_good nopl xtopology nonstop_tsc aperfmperf pni dtes64 monitor ds_cpl vmx est tm2 ssse3 cx16 xtpr pdcm pcid sse4_1 sse4_2 popcnt lahf_lm arat dtherm tpr_shadow vnmi flexpriority ept vpid
bogomips	: 4788.75
clflush size	: 64
cache_alignment	: 64
address sizes	: 36 bits physical, 48 bits virtual
power management:



Memory: 4k page, physical 3726136k(2076940k free), swap 9764860k(8846564k free)

vm_info: Java HotSpot(TM) 64-Bit Server VM (24.60-b09) for linux-amd64 JRE (1.7.0_60-b19), built on May  7 2014 13:18:30 by "java_re" with gcc 4.3.0 20080428 (Red Hat 4.3.0-8)

time: Sat Aug  2 16:34:53 2014
elapsed time: 870 seconds

